2017-11-24 22:36:51,377 CRIT Supervisor running as root (no user in config file)
2017-11-24 22:36:51,380 INFO supervisord started with pid 55
2017-11-24 22:36:52,383 INFO spawned: 'snips-tts' with pid 58
2017-11-24 22:36:52,387 INFO spawned: 'snips-dialogue' with pid 59
2017-11-24 22:36:52,390 INFO spawned: 'snips-asr' with pid 60
2017-11-24 22:36:52,393 INFO spawned: 'snips-analytics' with pid 61
2017-11-24 22:36:52,395 INFO spawned: 'snips-hotword' with pid 62
2017-11-24 22:36:52,396 INFO spawned: 'snips-audio-server' with pid 63
2017-11-24 22:36:52,398 INFO spawned: 'snips-queries' with pid 64
2017-11-24 22:36:52,553 INFO exited: snips-audio-server (exit status 1; not expected)
2017-11-24 22:36:53,585 INFO success: snips-tts entered RUNNING state, process has stayed up for > than 1 seconds (startsecs)
2017-11-24 22:36:53,585 INFO success: snips-dialogue entered RUNNING state, process has stayed up for > than 1 seconds (startsecs)
2017-11-24 22:36:53,585 INFO success: snips-asr entered RUNNING state, process has stayed up for > than 1 seconds (startsecs)
2017-11-24 22:36:53,585 INFO success: snips-analytics entered RUNNING state, process has stayed up for > than 1 seconds (startsecs)
2017-11-24 22:36:53,586 INFO success: snips-hotword entered RUNNING state, process has stayed up for > than 1 seconds (startsecs)
2017-11-24 22:36:53,588 INFO spawned: 'snips-audio-server' with pid 91
2017-11-24 22:36:53,588 INFO success: snips-queries entered RUNNING state, process has stayed up for > than 1 seconds (startsecs)
2017-11-24 22:36:53,698 INFO exited: snips-audio-server (exit status 1; not expected)
2017-11-24 22:36:55,703 INFO spawned: 'snips-audio-server' with pid 96
2017-11-24 22:36:55,819 INFO exited: snips-audio-server (exit status 1; not expected)
2017-11-24 22:36:58,825 INFO spawned: 'snips-audio-server' with pid 101
2017-11-24 22:36:58,940 INFO exited: snips-audio-server (exit status 1; not expected)
2017-11-24 22:36:59,941 INFO gave up: snips-audio-server entered FATAL state, too many start retries too quickly
